{
  "RSpec": {
    "coverage": {
      "/home/stefani-pautasso/DESCARTAR/Trabajo-AyDS/proyecto/server.rb": {
        "lines": [
          1,
          1,
          1,
          null,
          1,
          1,
          null,
          1,
          1,
          1,
          1,
          1,
          1,
          1,
          1,
          null,
          1,
          null,
          1,
          null,
          1,
          24,
          1,
          null,
          null,
          null,
          1,
          1,
          13,
          null,
          null,
          null,
          1,
          3,
          null,
          null,
          1,
          2,
          null,
          null,
          1,
          2,
          2,
          2,
          2,
          1,
          1,
          null,
          1,
          1,
          null,
          null,
          null,
          1,
          1,
          null,
          null,
          1,
          7,
          null,
          7,
          5,
          5,
          null,
          2,
          null,
          null,
          null,
          1,
          1,
          null,
          null,
          1,
          1,
          1,
          null,
          null,
          1,
          1,
          1,
          null,
          null,
          1,
          0,
          0,
          0,
          null,
          null,
          1,
          1,
          1,
          1,
          null,
          null,
          1,
          1,
          1,
          1,
          1,
          null,
          null,
          1,
          1,
          1,
          1,
          null,
          1,
          1,
          null,
          1,
          2,
          2,
          2,
          2,
          2,
          null,
          null,
          null,
          1,
          1,
          1,
          1,
          null,
          null,
          1,
          1,
          1,
          1,
          1,
          null,
          null,
          1,
          1,
          1,
          1,
          null,
          null,
          1,
          1,
          1,
          null,
          null,
          null,
          1
        ]
      },
      "/home/stefani-pautasso/DESCARTAR/Trabajo-AyDS/proyecto/models/user.rb": {
        "lines": [
          1,
          null,
          1,
          1,
          1,
          1,
          null,
          1,
          null,
          1,
          null,
          null,
          null
        ]
      },
      "/home/stefani-pautasso/DESCARTAR/Trabajo-AyDS/proyecto/models/test.rb": {
        "lines": [
          1,
          1,
          1,
          1,
          1,
          null,
          1,
          1,
          null,
          null
        ]
      },
      "/home/stefani-pautasso/DESCARTAR/Trabajo-AyDS/proyecto/models/option.rb": {
        "lines": [
          1,
          1,
          1,
          null,
          1,
          1,
          null
        ]
      },
      "/home/stefani-pautasso/DESCARTAR/Trabajo-AyDS/proyecto/models/section.rb": {
        "lines": [
          1,
          1,
          1,
          1,
          null,
          1,
          null,
          null
        ]
      },
      "/home/stefani-pautasso/DESCARTAR/Trabajo-AyDS/proyecto/models/question.rb": {
        "lines": [
          1,
          1,
          1,
          1,
          null,
          1,
          1,
          null,
          null
        ]
      },
      "/home/stefani-pautasso/DESCARTAR/Trabajo-AyDS/proyecto/models/lesson.rb": {
        "lines": [
          1,
          1,
          null,
          1,
          null,
          null,
          null,
          null,
          null,
          1,
          1,
          1,
          1,
          null,
          null
        ]
      },
      "/home/stefani-pautasso/DESCARTAR/Trabajo-AyDS/proyecto/models/progress.rb": {
        "lines": [
          1,
          1,
          1,
          null,
          1,
          1,
          1,
          null,
          1,
          5,
          5,
          null,
          null,
          null,
          null,
          5,
          5,
          null,
          null,
          null
        ]
      },
      "/home/stefani-pautasso/DESCARTAR/Trabajo-AyDS/proyecto/models/answer.rb": {
        "lines": [
          1,
          1,
          1,
          1,
          null,
          1,
          1,
          1,
          null,
          1,
          5,
          5,
          5,
          9,
          null,
          null,
          null
        ]
      },
      "/home/stefani-pautasso/DESCARTAR/Trabajo-AyDS/proyecto/spec/integration/login_page_spec.rb": {
        "lines": [
          1,
          1,
          1,
          null,
          1,
          null,
          1,
          1,
          1,
          1,
          null,
          null,
          null
        ]
      },
      "/home/stefani-pautasso/DESCARTAR/Trabajo-AyDS/proyecto/spec/integration/profile_page_spec.rb": {
        "lines": [
          1,
          1,
          1,
          null,
          1,
          1,
          1,
          1,
          1,
          1,
          1,
          1,
          null,
          1,
          null,
          null,
          1,
          1,
          1,
          1,
          1,
          1,
          null,
          null
        ]
      },
      "/home/stefani-pautasso/DESCARTAR/Trabajo-AyDS/proyecto/spec/integration/progress_page_spec.rb": {
        "lines": [
          1,
          1,
          1,
          null,
          1,
          null,
          1,
          1,
          null,
          null,
          1,
          1,
          1,
          1,
          null,
          null,
          null,
          null,
          null
        ]
      },
      "/home/stefani-pautasso/DESCARTAR/Trabajo-AyDS/proyecto/spec/integration/registration_page_spec.rb": {
        "lines": [
          1,
          1,
          1,
          null,
          1,
          null,
          1,
          1,
          1,
          1,
          null,
          null,
          null
        ]
      },
      "/home/stefani-pautasso/DESCARTAR/Trabajo-AyDS/proyecto/spec/integration/section_page_spec.rb": {
        "lines": [
          1,
          1,
          1,
          null,
          1,
          null,
          1,
          1,
          1,
          null,
          null,
          1,
          1,
          1,
          1,
          null,
          null,
          null,
          null
        ]
      },
      "/home/stefani-pautasso/DESCARTAR/Trabajo-AyDS/proyecto/spec/integration/sections_page_spec.rb": {
        "lines": [
          1,
          1,
          1,
          null,
          1,
          null,
          1,
          1,
          null,
          null,
          1,
          1,
          1,
          1,
          1,
          1,
          1,
          null,
          null,
          null,
          null
        ]
      },
      "/home/stefani-pautasso/DESCARTAR/Trabajo-AyDS/proyecto/spec/integration/test_completion_spec.rb": {
        "lines": [
          1,
          1,
          null,
          1,
          1,
          1,
          1,
          1,
          1,
          1,
          1,
          1,
          1,
          1,
          null,
          null,
          1,
          null,
          1,
          1,
          null,
          1,
          1,
          null,
          1,
          null,
          null,
          null,
          null,
          1,
          null,
          1,
          null,
          1,
          1,
          1,
          null,
          null,
          null
        ]
      },
      "/home/stefani-pautasso/DESCARTAR/Trabajo-AyDS/proyecto/spec/integration/test_page_spec.rb": {
        "lines": [
          1,
          1,
          1,
          null,
          1,
          null,
          1,
          1,
          1,
          1,
          1,
          null,
          null,
          1,
          1,
          1,
          1,
          null,
          null,
          null
        ]
      },
      "/home/stefani-pautasso/DESCARTAR/Trabajo-AyDS/proyecto/spec/integration/user_registration_spec.rb": {
        "lines": [
          1,
          1,
          null,
          1,
          1,
          1,
          1,
          1,
          1,
          1,
          1,
          1,
          null,
          null,
          1,
          1,
          1,
          1,
          1,
          1,
          null,
          null,
          1,
          1,
          1,
          1,
          1,
          1,
          null,
          null,
          null,
          null
        ]
      },
      "/home/stefani-pautasso/DESCARTAR/Trabajo-AyDS/proyecto/spec/integration/welcome_page_spec.rb": {
        "lines": [
          1,
          1,
          1,
          null,
          1,
          null,
          1,
          1,
          1,
          1,
          null,
          null,
          null
        ]
      },
      "/home/stefani-pautasso/DESCARTAR/Trabajo-AyDS/proyecto/spec/models/answer_spec.rb": {
        "lines": [
          1,
          1,
          1,
          1,
          1,
          1,
          1,
          null,
          1,
          11,
          12,
          12,
          12,
          5,
          11,
          4,
          4,
          3,
          null,
          1,
          1,
          1,
          1,
          null,
          null,
          1,
          1,
          1,
          1,
          null,
          null,
          1,
          1,
          1,
          1,
          null,
          null,
          1,
          1,
          1,
          1,
          null,
          null,
          null,
          1,
          1,
          1,
          1,
          null,
          null,
          1,
          1,
          1,
          null,
          null,
          1,
          1,
          1,
          null,
          null,
          null,
          1,
          1,
          1,
          null,
          null,
          1,
          null,
          null,
          null,
          1,
          null,
          1,
          1,
          1,
          null,
          null,
          1,
          null,
          1,
          null,
          null,
          null,
          1,
          null,
          1,
          1,
          1,
          null,
          null,
          1,
          1,
          1,
          null,
          null,
          1,
          null,
          null,
          null,
          1,
          null,
          1,
          1,
          1,
          null,
          null,
          1,
          1,
          1,
          null,
          null,
          1,
          null,
          null,
          1,
          null,
          1,
          1,
          null,
          null,
          null
        ]
      },
      "/home/stefani-pautasso/DESCARTAR/Trabajo-AyDS/proyecto/spec/models/lesson_spec.rb": {
        "lines": [
          1,
          1,
          1,
          null,
          1,
          7,
          null,
          1,
          1,
          5,
          null,
          null,
          1,
          1,
          null,
          null,
          1,
          1,
          1,
          1,
          null,
          null,
          1,
          1,
          1,
          1,
          null,
          null,
          1,
          1,
          1,
          1,
          null,
          null,
          1,
          1,
          1,
          1,
          null,
          null,
          null,
          1,
          1,
          1,
          1,
          null,
          null,
          null
        ]
      },
      "/home/stefani-pautasso/DESCARTAR/Trabajo-AyDS/proyecto/spec/models/option_spec.rb": {
        "lines": [
          1,
          1,
          1,
          1,
          1,
          null,
          1,
          5,
          5,
          5,
          null,
          1,
          1,
          3,
          null,
          null,
          1,
          1,
          null,
          null,
          1,
          1,
          1,
          1,
          null,
          null,
          1,
          1,
          1,
          1,
          null,
          null,
          null,
          1,
          1,
          1,
          1,
          null,
          null,
          null
        ]
      },
      "/home/stefani-pautasso/DESCARTAR/Trabajo-AyDS/proyecto/spec/models/progress_spec.rb": {
        "lines": [
          1,
          1,
          1,
          1,
          1,
          1,
          1,
          1,
          null,
          1,
          14,
          14,
          14,
          14,
          14,
          14,
          2,
          14,
          2,
          null,
          1,
          13,
          13,
          null,
          null,
          1,
          1,
          7,
          null,
          null,
          1,
          1,
          null,
          null,
          1,
          1,
          1,
          1,
          null,
          null,
          1,
          1,
          1,
          1,
          null,
          null,
          1,
          1,
          1,
          1,
          null,
          null,
          1,
          1,
          1,
          null,
          null,
          1,
          1,
          1,
          1,
          null,
          null,
          1,
          1,
          1,
          1,
          null,
          null,
          null,
          1,
          1,
          1,
          1,
          null,
          null,
          1,
          1,
          1,
          null,
          null,
          null,
          1,
          1,
          4,
          null,
          null,
          1,
          1,
          1,
          null,
          null,
          1,
          1,
          1,
          null,
          null,
          1,
          1,
          1,
          1,
          null,
          null,
          1,
          1,
          1,
          1,
          1,
          1,
          1,
          null,
          null,
          null,
          null
        ]
      },
      "/home/stefani-pautasso/DESCARTAR/Trabajo-AyDS/proyecto/spec/models/question_spec.rb": {
        "lines": [
          1,
          1,
          1,
          1,
          null,
          1,
          1,
          3,
          3,
          null,
          1,
          1,
          1,
          null,
          null,
          1,
          1,
          1,
          1,
          null,
          null,
          1,
          1,
          1,
          1,
          null,
          null,
          null,
          1,
          1,
          1,
          1,
          1,
          1,
          null,
          null,
          null,
          null,
          null
        ]
      },
      "/home/stefani-pautasso/DESCARTAR/Trabajo-AyDS/proyecto/spec/models/section_spec.rb": {
        "lines": [
          1,
          1,
          null,
          1,
          1,
          1,
          1,
          1,
          null,
          null,
          1,
          1,
          1,
          1,
          null,
          null,
          null,
          null
        ]
      },
      "/home/stefani-pautasso/DESCARTAR/Trabajo-AyDS/proyecto/spec/models/test_spec.rb": {
        "lines": [
          1,
          1,
          1,
          null,
          1,
          4,
          null,
          1,
          1,
          1,
          1,
          null,
          null,
          1,
          1,
          1,
          1,
          null,
          null,
          1,
          1,
          1,
          1,
          null,
          null,
          null,
          1,
          1,
          1,
          1,
          null,
          null,
          null
        ]
      },
      "/home/stefani-pautasso/DESCARTAR/Trabajo-AyDS/proyecto/spec/models/user_spec.rb": {
        "lines": [
          1,
          1,
          null,
          1,
          1,
          1,
          1,
          1,
          null,
          null,
          1,
          1,
          1,
          1,
          null,
          null,
          1,
          1,
          1,
          1,
          null,
          null,
          1,
          1,
          1,
          1,
          1,
          null,
          null,
          1,
          1,
          1,
          1,
          null,
          null,
          1,
          1,
          1,
          1,
          null,
          null,
          1,
          1,
          1,
          1,
          null,
          null,
          null
        ]
      },
      "/home/stefani-pautasso/DESCARTAR/Trabajo-AyDS/proyecto/spec/requests/authentication_redirect_spec.rb": {
        "lines": [
          1,
          1,
          1,
          null,
          1,
          1,
          1,
          1,
          1,
          1,
          null,
          null,
          null
        ]
      },
      "/home/stefani-pautasso/DESCARTAR/Trabajo-AyDS/proyecto/spec/requests/login_invalid_credentials_spec.rb": {
        "lines": [
          1,
          1,
          1,
          null,
          1,
          null,
          1,
          1,
          1,
          1,
          null,
          null,
          null,
          null
        ]
      },
      "/home/stefani-pautasso/DESCARTAR/Trabajo-AyDS/proyecto/spec/requests/logout_functionality_spec.rb": {
        "lines": [
          1,
          1,
          1,
          null,
          1,
          1,
          1,
          1,
          null,
          null,
          1,
          1,
          1,
          1,
          1,
          1,
          null,
          null,
          null
        ]
      }
    },
    "timestamp": 1725228893
  }
}
